#
# There is insufficient memory for the Java Runtime Environment to continue.
# Native memory allocation (malloc) failed to allocate 109216 bytes for Chunk::new
# Possible reasons:
#   The system is out of physical RAM or swap space
#   In 32 bit mode, the process size limit was hit
# Possible solutions:
#   Reduce memory load on the system
#   Increase physical memory or swap space
#   Check if swap backing store is full
#   Use 64 bit Java on a 64 bit OS
#   Decrease Java heap size (-Xmx/-Xms)
#   Decrease number of Java threads
#   Decrease Java thread stack sizes (-Xss)
#   Set larger code cache with -XX:ReservedCodeCacheSize=
# This output file may be truncated or incomplete.
#
#  Out of Memory Error (allocation.cpp:390), pid=11460, tid=9320
#
# JRE version: Java(TM) SE Runtime Environment (8.0_73-b02) (build 1.8.0_73-b02)
# Java VM: Java HotSpot(TM) 64-Bit Server VM (25.73-b02 mixed mode windows-amd64 compressed oops)
# Failed to write core dump. Minidumps are not enabled by default on client versions of Windows
#

---------------  T H R E A D  ---------------

Current thread (0x00000000157ad800):  JavaThread "C2 CompilerThread0" daemon [_thread_in_native, id=9320, stack(0x0000000016e00000,0x0000000016f00000)]

Stack: [0x0000000016e00000,0x0000000016f00000]
[error occurred during error reporting (printing stack bounds), id 0xc0000005]

Native frames: (J=compiled Java code, j=interpreted, Vv=VM code, C=native code)


Current CompileTask:
C2:   3868  655   !   4       java.util.zip.InflaterInputStream::read (138 bytes)


---------------  P R O C E S S  ---------------

Java Threads: ( => current thread )
  0x0000000018b80000 JavaThread "TimerQueue" daemon [_thread_blocked, id=8220, stack(0x000000001ae10000,0x000000001af10000)]
  0x0000000017465800 JavaThread "Image Fetcher 0" daemon [_thread_in_Java, id=5372, stack(0x00000000187b0000,0x00000000188b0000)]
  0x00000000030e0800 JavaThread "DestroyJavaVM" [_thread_blocked, id=3208, stack(0x0000000002f00000,0x0000000003000000)]
  0x0000000017456800 JavaThread "AWT-EventQueue-0" [_thread_blocked, id=3632, stack(0x0000000017ec0000,0x0000000017fc0000)]
  0x0000000017409800 JavaThread "AWT-Windows" daemon [_thread_in_native, id=8212, stack(0x0000000017cf0000,0x0000000017df0000)]
  0x00000000173fb800 JavaThread "AWT-Shutdown" [_thread_blocked, id=7036, stack(0x0000000017bf0000,0x0000000017cf0000)]
  0x00000000173fa800 JavaThread "Java2D Disposer" daemon [_thread_blocked, id=8112, stack(0x0000000017af0000,0x0000000017bf0000)]
  0x000000001711d800 JavaThread "Service Thread" daemon [_thread_blocked, id=4448, stack(0x0000000017500000,0x0000000017600000)]
  0x000000001580c800 JavaThread "C1 CompilerThread2" daemon [_thread_blocked, id=10820, stack(0x0000000017000000,0x0000000017100000)]
  0x00000000157b4000 JavaThread "C2 CompilerThread1" daemon [_thread_in_native, id=12040, stack(0x0000000016f00000,0x0000000017000000)]
=>0x00000000157ad800 JavaThread "C2 CompilerThread0" daemon [_thread_in_native, id=9320, stack(0x0000000016e00000,0x0000000016f00000)]
  0x00000000157ab000 JavaThread "Attach Listener" daemon [_thread_blocked, id=3140, stack(0x0000000016d00000,0x0000000016e00000)]
  0x00000000157a9800 JavaThread "Signal Dispatcher" daemon [_thread_blocked, id=11160, stack(0x0000000016c00000,0x0000000016d00000)]
  0x00000000031d6000 JavaThread "Finalizer" daemon [_thread_blocked, id=7912, stack(0x0000000016a10000,0x0000000016b10000)]
  0x00000000031cd000 JavaThread "Reference Handler" daemon [_thread_blocked, id=10160, stack(0x0000000016910000,0x0000000016a10000)]

Other Threads:
  0x0000000015777800 VMThread [stack: 0x0000000016810000,0x0000000016910000] [id=6628]
  0x0000000017122800 WatcherThread [stack: 0x0000000017600000,0x0000000017700000] [id=8592]

VM state:not at safepoint (normal execution)

VM Mutex/Monitor currently owned by a thread: None

Heap:
 PSYoungGen      total 35328K, used 5748K [0x00000000eb400000, 0x00000000ee800000, 0x0000000100000000)
  eden space 32768K, 17% used [0x00000000eb400000,0x00000000eb99d188,0x00000000ed400000)
  from space 2560K, 0% used [0x00000000ed400000,0x00000000ed400000,0x00000000ed680000)
  to   space 2560K, 0% used [0x00000000ee580000,0x00000000ee580000,0x00000000ee800000)
 ParOldGen       total 44032K, used 34004K [0x00000000c1c00000, 0x00000000c4700000, 0x00000000eb400000)
  object space 44032K, 77% used [0x00000000c1c00000,0x00000000c3d351b0,0x00000000c4700000)
 Metaspace       used 10548K, capacity 10752K, committed 11008K, reserved 1058816K
  class space    used 1361K, capacity 1446K, committed 1536K, reserved 1048576K

Card table byte_map: [0x00000000125a0000,0x00000000127a0000] byte_map_base: 0x0000000011f92000

Marking Bits: (ParMarkBitMap*) 0x000000005aaf0600
 Begin Bits: [0x0000000012cf0000, 0x0000000013c80000)
 End Bits:   [0x0000000013c80000, 0x0000000014c10000)

Polling page: 0x0000000002e60000

CodeCache: size=245760Kb used=2617Kb max_used=2629Kb free=243142Kb
 bounds [0x00000000031e0000, 0x0000000003480000, 0x00000000121e0000]
 total_blobs=1129 nmethods=653 adapters=389
 compilation: enabled

Compilation events (10 events):
Event: 3.725 Thread 0x00000000157ad800  650 % !   4       sun.awt.image.ImageRepresentation::getOpaqueRGBImage @ 54 (164 bytes)
Event: 3.731 Thread 0x000000001580c800  651       1       sun.java2d.SurfaceData::getSurfaceType (5 bytes)
Event: 3.731 Thread 0x000000001580c800 nmethod 651 0x000000000346e010 code [0x000000000346e160, 0x000000000346e270]
Event: 3.732 Thread 0x00000000157ad800 nmethod 650% 0x0000000003471210 code [0x0000000003471360, 0x00000000034716b8]
Event: 3.829 Thread 0x00000000157b4000  652       4       sun.awt.image.PNGImageDecoder::filterRow (459 bytes)
Event: 3.831 Thread 0x00000000157ad800  653   !   4       java.util.zip.Inflater::inflate (113 bytes)
Event: 3.837 Thread 0x00000000157ad800 nmethod 653 0x000000000346f250 code [0x000000000346f3a0, 0x000000000346f828]
Event: 3.837 Thread 0x00000000157ad800  654       4       java.util.zip.Inflater::ensureOpen (47 bytes)
Event: 3.838 Thread 0x00000000157ad800 nmethod 654 0x00000000034719d0 code [0x0000000003471b00, 0x0000000003471b98]
Event: 3.850 Thread 0x00000000157ad800  655   !   4       java.util.zip.InflaterInputStream::read (138 bytes)

GC Heap History (10 events):
Event: 1.028 GC heap before
{Heap before GC invocations=1 (full 0):
 PSYoungGen      total 18944K, used 16384K [0x00000000eb400000, 0x00000000ec900000, 0x0000000100000000)
  eden space 16384K, 100% used [0x00000000eb400000,0x00000000ec400000,0x00000000ec400000)
  from space 2560K, 0% used [0x00000000ec680000,0x00000000ec680000,0x00000000ec900000)
  to   space 2560K, 0% used [0x00000000ec400000,0x00000000ec400000,0x00000000ec680000)
 ParOldGen       total 44032K, used 0K [0x00000000c1c00000, 0x00000000c4700000, 0x00000000eb400000)
  object space 44032K, 0% used [0x00000000c1c00000,0x00000000c1c00000,0x00000000c4700000)
 Metaspace       used 6963K, capacity 7136K, committed 7424K, reserved 1056768K
  class space    used 840K, capacity 930K, committed 1024K, reserved 1048576K
Event: 1.038 GC heap after
Heap after GC invocations=1 (full 0):
 PSYoungGen      total 18944K, used 1248K [0x00000000eb400000, 0x00000000ed900000, 0x0000000100000000)
  eden space 16384K, 0% used [0x00000000eb400000,0x00000000eb400000,0x00000000ec400000)
  from space 2560K, 48% used [0x00000000ec400000,0x00000000ec538010,0x00000000ec680000)
  to   space 2560K, 0% used [0x00000000ed680000,0x00000000ed680000,0x00000000ed900000)
 ParOldGen       total 44032K, used 21152K [0x00000000c1c00000, 0x00000000c4700000, 0x00000000eb400000)
  object space 44032K, 48% used [0x00000000c1c00000,0x00000000c30a82e0,0x00000000c4700000)
 Metaspace       used 6963K, capacity 7136K, committed 7424K, reserved 1056768K
  class space    used 840K, capacity 930K, committed 1024K, reserved 1048576K
}
Event: 2.397 GC heap before
{Heap before GC invocations=2 (full 0):
 PSYoungGen      total 18944K, used 15854K [0x00000000eb400000, 0x00000000ed900000, 0x0000000100000000)
  eden space 16384K, 89% used [0x00000000eb400000,0x00000000ec243918,0x00000000ec400000)
  from space 2560K, 48% used [0x00000000ec400000,0x00000000ec538010,0x00000000ec680000)
  to   space 2560K, 0% used [0x00000000ed680000,0x00000000ed680000,0x00000000ed900000)
 ParOldGen       total 44032K, used 21152K [0x00000000c1c00000, 0x00000000c4700000, 0x00000000eb400000)
  object space 44032K, 48% used [0x00000000c1c00000,0x00000000c30a82e0,0x00000000c4700000)
 Metaspace       used 10159K, capacity 10358K, committed 10624K, reserved 1058816K
  class space    used 1312K, capacity 1381K, committed 1408K, reserved 1048576K
Event: 2.408 GC heap after
Heap after GC invocations=2 (full 0):
 PSYoungGen      total 35328K, used 2529K [0x00000000eb400000, 0x00000000ed900000, 0x0000000100000000)
  eden space 32768K, 0% used [0x00000000eb400000,0x00000000eb400000,0x00000000ed400000)
  from space 2560K, 98% used [0x00000000ed680000,0x00000000ed8f8500,0x00000000ed900000)
  to   space 2560K, 0% used [0x00000000ed400000,0x00000000ed400000,0x00000000ed680000)
 ParOldGen       total 44032K, used 39465K [0x00000000c1c00000, 0x00000000c4700000, 0x00000000eb400000)
  object space 44032K, 89% used [0x00000000c1c00000,0x00000000c428a450,0x00000000c4700000)
 Metaspace       used 10159K, capacity 10358K, committed 10624K, reserved 1058816K
  class space    used 1312K, capacity 1381K, committed 1408K, reserved 1048576K
}
Event: 2.408 GC heap before
{Heap before GC invocations=3 (full 1):
 PSYoungGen      total 35328K, used 2529K [0x00000000eb400000, 0x00000000ed900000, 0x0000000100000000)
  eden space 32768K, 0% used [0x00000000eb400000,0x00000000eb400000,0x00000000ed400000)
  from space 2560K, 98% used [0x00000000ed680000,0x00000000ed8f8500,0x00000000ed900000)
  to   space 2560K, 0% used [0x00000000ed400000,0x00000000ed400000,0x00000000ed680000)
 ParOldGen       total 44032K, used 39465K [0x00000000c1c00000, 0x00000000c4700000, 0x00000000eb400000)
  object space 44032K, 89% used [0x00000000c1c00000,0x00000000c428a450,0x00000000c4700000)
 Metaspace       used 10159K, capacity 10358K, committed 10624K, reserved 1058816K
  class space    used 1312K, capacity 1381K, committed 1408K, reserved 1048576K
Event: 2.430 GC heap after
Heap after GC invocations=3 (full 1):
 PSYoungGen      total 35328K, used 0K [0x00000000eb400000, 0x00000000ed900000, 0x0000000100000000)
  eden space 32768K, 0% used [0x00000000eb400000,0x00000000eb400000,0x00000000ed400000)
  from space 2560K, 0% used [0x00000000ed680000,0x00000000ed680000,0x00000000ed900000)
  to   space 2560K, 0% used [0x00000000ed400000,0x00000000ed400000,0x00000000ed680000)
 ParOldGen       total 44032K, used 16675K [0x00000000c1c00000, 0x00000000c4700000, 0x00000000eb400000)
  object space 44032K, 37% used [0x00000000c1c00000,0x00000000c2c48dc0,0x00000000c4700000)
 Metaspace       used 10159K, capacity 10358K, committed 10624K, reserved 1058816K
  class space    used 1312K, capacity 1381K, committed 1408K, reserved 1048576K
}
Event: 3.796 GC heap before
{Heap before GC invocations=4 (full 1):
 PSYoungGen      total 35328K, used 31079K [0x00000000eb400000, 0x00000000ed900000, 0x0000000100000000)
  eden space 32768K, 94% used [0x00000000eb400000,0x00000000ed259d80,0x00000000ed400000)
  from space 2560K, 0% used [0x00000000ed680000,0x00000000ed680000,0x00000000ed900000)
  to   space 2560K, 0% used [0x00000000ed400000,0x00000000ed400000,0x00000000ed680000)
 ParOldGen       total 44032K, used 16675K [0x00000000c1c00000, 0x00000000c4700000, 0x00000000eb400000)
  object space 44032K, 37% used [0x00000000c1c00000,0x00000000c2c48dc0,0x00000000c4700000)
 Metaspace       used 10548K, capacity 10752K, committed 11008K, reserved 1058816K
  class space    used 1361K, capacity 1446K, committed 1536K, reserved 1048576K
Event: 3.802 GC heap after
Heap after GC invocations=4 (full 1):
 PSYoungGen      total 35328K, used 2540K [0x00000000eb400000, 0x00000000ee800000, 0x0000000100000000)
  eden space 32768K, 0% used [0x00000000eb400000,0x00000000eb400000,0x00000000ed400000)
  from space 2560K, 99% used [0x00000000ed400000,0x00000000ed67b3c8,0x00000000ed680000)
  to   space 2560K, 0% used [0x00000000ee580000,0x00000000ee580000,0x00000000ee800000)
 ParOldGen       total 44032K, used 35011K [0x00000000c1c00000, 0x00000000c4700000, 0x00000000eb400000)
  object space 44032K, 79% used [0x00000000c1c00000,0x00000000c3e30ef8,0x00000000c4700000)
 Metaspace       used 10548K, capacity 10752K, committed 11008K, reserved 1058816K
  class space    used 1361K, capacity 1446K, committed 1536K, reserved 1048576K
}
Event: 3.802 GC heap before
{Heap before GC invocations=5 (full 2):
 PSYoungGen      total 35328K, used 2540K [0x00000000eb400000, 0x00000000ee800000, 0x0000000100000000)
  eden space 32768K, 0% used [0x00000000eb400000,0x00000000eb400000,0x00000000ed400000)
  from space 2560K, 99% used [0x00000000ed400000,0x00000000ed67b3c8,0x00000000ed680000)
  to   space 2560K, 0% used [0x00000000ee580000,0x00000000ee580000,0x00000000ee800000)
 ParOldGen       total 44032K, used 35011K [0x00000000c1c00000, 0x00000000c4700000, 0x00000000eb400000)
  object space 44032K, 79% used [0x00000000c1c00000,0x00000000c3e30ef8,0x00000000c4700000)
 Metaspace       used 10548K, capacity 10752K, committed 11008K, reserved 1058816K
  class space    used 1361K, capacity 1446K, committed 1536K, reserved 1048576K
Event: 3.828 GC heap after
Heap after GC invocations=5 (full 2):
 PSYoungGen      total 35328K, used 0K [0x00000000eb400000, 0x00000000ee800000, 0x0000000100000000)
  eden space 32768K, 0% used [0x00000000eb400000,0x00000000eb400000,0x00000000ed400000)
  from space 2560K, 0% used [0x00000000ed400000,0x00000000ed400000,0x00000000ed680000)
  to   space 2560K, 0% used [0x00000000ee580000,0x00000000ee580000,0x00000000ee800000)
 ParOldGen       total 44032K, used 34004K [0x00000000c1c00000, 0x00000000c4700000, 0x00000000eb400000)
  object space 44032K, 77% used [0x00000000c1c00000,0x00000000c3d351b0,0x00000000c4700000)
 Metaspace       used 10548K, capacity 10752K, committed 11008K, reserved 1058816K
  class space    used 1361K, capacity 1446K, committed 1536K, reserved 1048576K
}

Deoptimization events (2 events):
Event: 1.059 Thread 0x0000000017465800 Uncommon trap: reason=unstable_if action=reinterpret pc=0x00000000033a4974 method=sun.awt.image.PNGImageDecoder.update_crc(I[BII)I @ 7
Event: 3.118 Thread 0x0000000017456800 Uncommon trap: reason=unstable_if action=reinterpret pc=0x00000000033bc610 method=sun.awt.image.ByteInterleavedRaster.putByteData(IIII[B)V @ 395

Internal exceptions (10 events):
Event: 0.337 Thread 0x00000000030e0800 Exception <a 'java/lang/NoSuchMethodError': Method sun.misc.Unsafe.defineClass(Ljava/lang/String;[BII)Ljava/lang/Class; name or signature does not match> (0x00000000eb40dbf8) thrown at [D:\re\puppet\workspace\8-2-build-windows-amd64-cygwin\jdk8u73\6086\hot¦n«Pö“Õ?
Event: 0.337 Thread 0x00000000030e0800 Exception <a 'java/lang/NoSuchMethodError': Method sun.misc.Unsafe.prefetchRead(Ljava/lang/Object;J)V name or signature does not match> (0x00000000eb40dee0) thrown at [D:\re\puppet\workspace\8-2-build-windows-amd64-cygwin\jdk8u73\6086\hotspot\src\share\vm\ö§OÙ{gã?
Event: 0.606 Thread 0x00000000030e0800 Exception <a 'java/security/PrivilegedActionException'> (0x00000000eb483e30) thrown at [D:\re\puppet\workspace\8-2-build-windows-amd64-cygwin\jdk8u73\6086\hotspot\src\share\vm\prims\jvm.cpp, line 1386]
Event: 0.606 Thread 0x00000000030e0800 Exception <a 'java/security/PrivilegedActionException'> (0x00000000eb484040) thrown at [D:\re\puppet\workspace\8-2-build-windows-amd64-cygwin\jdk8u73\6086\hotspot\src\share\vm\prims\jvm.cpp, line 1386]
Event: 0.609 Thread 0x00000000030e0800 Exception <a 'java/security/PrivilegedActionException'> (0x00000000eb487be8) thrown at [D:\re\puppet\workspace\8-2-build-windows-amd64-cygwin\jdk8u73\6086\hotspot\src\share\vm\prims\jvm.cpp, line 1386]
Event: 0.609 Thread 0x00000000030e0800 Exception <a 'java/security/PrivilegedActionException'> (0x00000000eb487df8) thrown at [D:\re\puppet\workspace\8-2-build-windows-amd64-cygwin\jdk8u73\6086\hotspot\src\share\vm\prims\jvm.cpp, line 1386]
Event: 0.628 Thread 0x00000000030e0800 Exception <a 'java/io/FileNotFoundException'> (0x00000000eb48e688) thrown at [D:\re\puppet\workspace\8-2-build-windows-amd64-cygwin\jdk8u73\6086\hotspot\src\share\vm\prims\jni.cpp, line 709]
Event: 0.760 Thread 0x00000000030e0800 Exception <a 'java/lang/NoSuchFieldError': method resolution failed> (0x00000000eb5aeb60) thrown at [D:\re\puppet\workspace\8-2-build-windows-amd64-cygwin\jdk8u73\6086\hotspot\src\share\vm\prims\methodHandles.cpp, line 1146]
Event: 0.770 Thread 0x00000000030e0800 Exception <a 'java/lang/NoSuchFieldError': method resolution failed> (0x00000000eb5bc208) thrown at [D:\re\puppet\workspace\8-2-build-windows-amd64-cygwin\jdk8u73\6086\hotspot\src\share\vm\prims\methodHandles.cpp, line 1146]
Event: 0.870 Thread 0x0000000017456800 Exception <a 'java/io/FileNotFoundException'> (0x00000000eb6edd98) thrown at [D:\re\puppet\workspace\8-2-build-windows-amd64-cygwin\jdk8u73\6086\hotspot\src\share\vm\prims\jni.cpp, line 709]

Events (10 events):
Event: 3.184 loading class javax/swing/plaf/basic/BasicGraphicsUtils
Event: 3.184 loading class javax/swing/plaf/basic/BasicGraphicsUtils done
Event: 3.701 loading class ImgUtils
Event: 3.701 loading class ImgUtils done
Event: 3.731 loading class java/lang/StrictMath
Event: 3.731 loading class java/lang/StrictMath done
Event: 3.766 loading class sun/awt/image/PNGImageDecoder$Chromaticities
Event: 3.767 loading class sun/awt/image/PNGImageDecoder$Chromaticities done
Event: 3.796 Executing VM operation: ParallelGCFailedAllocation
Event: 3.828 Executing VM operation: ParallelGCFailedAllocation done


Dynamic libraries:
0x00007ff644830000 - 0x00007ff644867000 	C:\Program Files\Java\jre1.8.0_73\bin\javaw.exe
0x00007ffc52eb0000 - 0x00007ffc53081000 	C:\WINDOWS\SYSTEM32\ntdll.dll
0x00007ffc52da0000 - 0x00007ffc52e4b000 	C:\WINDOWS\System32\KERNEL32.DLL
0x00007ffc50220000 - 0x00007ffc5043d000 	C:\WINDOWS\System32\KERNELBASE.dll
0x00007ffc52640000 - 0x00007ffc526e2000 	C:\WINDOWS\System32\ADVAPI32.dll
0x00007ffc51d30000 - 0x00007ffc51dce000 	C:\WINDOWS\System32\msvcrt.dll
0x00007ffc51cd0000 - 0x00007ffc51d29000 	C:\WINDOWS\System32\sechost.dll
0x00007ffc52a50000 - 0x00007ffc52b71000 	C:\WINDOWS\System32\RPCRT4.dll
0x00007ffc51dd0000 - 0x00007ffc51f35000 	C:\WINDOWS\System32\USER32.dll
0x00007ffc4f8e0000 - 0x00007ffc4f8fe000 	C:\WINDOWS\System32\win32u.dll
0x00007ffc51970000 - 0x00007ffc519a4000 	C:\WINDOWS\System32\GDI32.dll
0x00007ffc50090000 - 0x00007ffc50212000 	C:\WINDOWS\System32\gdi32full.dll
0x00007ffc43920000 - 0x00007ffc43b99000 	C:\WINDOWS\WinSxS\amd64_microsoft.windows.common-controls_6595b64144ccf1df_6.0.14393.447_none_42191651c6827bb3\COMCTL32.dll
0x00007ffc52370000 - 0x00007ffc52638000 	C:\WINDOWS\System32\combase.dll
0x00007ffc4f690000 - 0x00007ffc4f785000 	C:\WINDOWS\System32\ucrtbase.dll
0x00007ffc4f620000 - 0x00007ffc4f68a000 	C:\WINDOWS\System32\bcryptPrimitives.dll
0x00007ffc51ca0000 - 0x00007ffc51cce000 	C:\WINDOWS\System32\IMM32.DLL
0x0000000059cb0000 - 0x0000000059d82000 	C:\Program Files\Java\jre1.8.0_73\bin\msvcr100.dll
0x000000005a2e0000 - 0x000000005ab70000 	C:\Program Files\Java\jre1.8.0_73\bin\server\jvm.dll
0x00007ffc52d90000 - 0x00007ffc52d98000 	C:\WINDOWS\System32\PSAPI.DLL
0x00007ffc4d870000 - 0x00007ffc4d879000 	C:\WINDOWS\SYSTEM32\WSOCK32.dll
0x00007ffc52b80000 - 0x00007ffc52bea000 	C:\WINDOWS\System32\WS2_32.dll
0x00007ffc4d5f0000 - 0x00007ffc4d613000 	C:\WINDOWS\SYSTEM32\WINMM.dll
0x00007ffc4b7e0000 - 0x00007ffc4b7ea000 	C:\WINDOWS\SYSTEM32\VERSION.dll
0x00007ffc4d5c0000 - 0x00007ffc4d5eb000 	C:\WINDOWS\SYSTEM32\WINMMBASE.dll
0x00007ffc4f5d0000 - 0x00007ffc4f612000 	C:\WINDOWS\System32\cfgmgr32.dll
0x000000005a1f0000 - 0x000000005a1ff000 	C:\Program Files\Java\jre1.8.0_73\bin\verify.dll
0x000000005a1c0000 - 0x000000005a1e9000 	C:\Program Files\Java\jre1.8.0_73\bin\java.dll
0x000000005a1a0000 - 0x000000005a1b6000 	C:\Program Files\Java\jre1.8.0_73\bin\zip.dll
0x00007ffc50440000 - 0x00007ffc51949000 	C:\WINDOWS\System32\SHELL32.dll
0x00007ffc4f900000 - 0x00007ffc4ffda000 	C:\WINDOWS\System32\windows.storage.dll
0x00007ffc4f340000 - 0x00007ffc4f38c000 	C:\WINDOWS\System32\powrprof.dll
0x00007ffc52850000 - 0x00007ffc528a2000 	C:\WINDOWS\System32\shlwapi.dll
0x00007ffc4f390000 - 0x00007ffc4f39f000 	C:\WINDOWS\System32\kernel.appcore.dll
0x00007ffc4ffe0000 - 0x00007ffc50089000 	C:\WINDOWS\System32\shcore.dll
0x00007ffc4f310000 - 0x00007ffc4f324000 	C:\WINDOWS\System32\profapi.dll
0x0000000059b10000 - 0x0000000059ca8000 	C:\Program Files\Java\jre1.8.0_73\bin\awt.dll
0x00007ffc51a30000 - 0x00007ffc51aef000 	C:\WINDOWS\System32\OLEAUT32.dll
0x00007ffc4f840000 - 0x00007ffc4f8dc000 	C:\WINDOWS\System32\msvcp_win.dll
0x00007ffc4d8c0000 - 0x00007ffc4d93a000 	C:\WINDOWS\SYSTEM32\apphelp.dll
0x00007ffc4daa0000 - 0x00007ffc4db35000 	C:\WINDOWS\system32\uxtheme.dll
0x00007ffc526f0000 - 0x00007ffc5284b000 	C:\WINDOWS\System32\MSCTF.dll
0x00007ffc41bf0000 - 0x00007ffc41c88000 	C:\Program Files\Common Files\microsoft shared\ink\tiptsf.dll
0x00007ffc4ce80000 - 0x00007ffc4cea6000 	C:\WINDOWS\system32\dwmapi.dll
0x00007ffc51af0000 - 0x00007ffc51c27000 	C:\WINDOWS\System32\ole32.dll
0x0000000059ac0000 - 0x0000000059b07000 	C:\Program Files\Java\jre1.8.0_73\bin\fontmanager.dll
0x00007ffc528b0000 - 0x00007ffc5294f000 	C:\WINDOWS\System32\clbcatq.dll
0x00007ffc3d6e0000 - 0x00007ffc3d88a000 	C:\Windows\System32\uiautomationcore.dll
0x00007ffc4eac0000 - 0x00007ffc4eadf000 	C:\Windows\System32\USERENV.dll
0x00007ffc4f1e0000 - 0x00007ffc4f278000 	C:\WINDOWS\SYSTEM32\sxs.dll
0x00007ffc430e0000 - 0x00007ffc43145000 	C:\Windows\System32\OLEACC.dll
0x00007ffc43150000 - 0x00007ffc431cd000 	C:\WINDOWS\SYSTEM32\twinapi.dll
0x00007ffc4dd70000 - 0x00007ffc4de8c000 	C:\WINDOWS\SYSTEM32\twinapi.appcore.dll
0x00007ffc4eef0000 - 0x00007ffc4ef1b000 	C:\WINDOWS\SYSTEM32\bcrypt.dll
0x000000005a180000 - 0x000000005a19a000 	C:\Program Files\Java\jre1.8.0_73\bin\net.dll
0x00007ffc4ec40000 - 0x00007ffc4ec9c000 	C:\WINDOWS\system32\mswsock.dll
0x000000005a160000 - 0x000000005a171000 	C:\Program Files\Java\jre1.8.0_73\bin\nio.dll
0x0000000059a70000 - 0x0000000059ab2000 	C:\Program Files\Java\jre1.8.0_73\bin\t2k.dll
0x00007ffc4c610000 - 0x00007ffc4c7b8000 	C:\WINDOWS\SYSTEM32\WindowsCodecs.dll
0x00007ffc41160000 - 0x00007ffc411a9000 	C:\WINDOWS\system32\dataexchange.dll
0x00007ffc4bdd0000 - 0x00007ffc4c086000 	C:\WINDOWS\system32\d3d11.dll
0x00007ffc4d460000 - 0x00007ffc4d5b1000 	C:\WINDOWS\system32\dcomp.dll
0x00007ffc4e2a0000 - 0x00007ffc4e33f000 	C:\WINDOWS\system32\dxgi.dll
0x0000000059a30000 - 0x0000000059a61000 	C:\Program Files\Java\jre1.8.0_73\bin\jpeg.dll

VM Arguments:
jvm_args: -Dfile.encoding=Cp1252 
java_command: StartFrame
java_class_path (initial): C:\Users\Heinson\Documents\GitHub\SARAH\bin
Launcher Type: SUN_STANDARD

Environment Variables:
PATH=C:/Program Files/Java/jre1.8.0_73/bin/server;C:/Program Files/Java/jre1.8.0_73/bin;C:/Program Files/Java/jre1.8.0_73/lib/amd64;C:\ProgramData\Oracle\Java\javapath;C:\Program Files (x86)\Intel\iCLS Client\;C:\Program Files\Intel\iCLS Client\;C:\WINDOWS\system32;C:\WINDOWS;C:\WINDOWS\System32\Wbem;C:\WINDOWS\System32\WindowsPowerShell\v1.0\;C:\Program Files (x86)\Intel\OpenCL SDK\2.0\bin\x86;C:\Program Files (x86)\Intel\OpenCL SDK\2.0\bin\x64;C:\Program Files\Intel\WiFi\bin\;C:\Program Files\Common Files\Intel\WirelessCommon\;C:\Program Files (x86)\Skype\Phone\;C:\Program Files (x86)\MySQL\MySQL Fabric 1.5.4 & MySQL Utilities 1.5.4 1.5\;C:\Program Files (x86)\MySQL\MySQL Fabric 1.5.4 & MySQL Utilities 1.5.4 1.5\Doctrine extensions for PHP\;C:\Program Files\Intel\Intel(R) Management Engine Components\DAL;C:\Program Files\Intel\Intel(R) Management Engine Components\IPT;C:\Program Files (x86)\Intel\Intel(R) Management Engine Components\DAL;C:\Program Files (x86)\Intel\Intel(R) Management Engine Components\IPT;C:\Users\Heinson\Anaconda3;C:\Users\Heinson\Anaconda3\Scripts;C:\Users\Heinson\Anaconda3\Library\bin;C:\Users\Heinson\AppData\Local\Programs\Python\Python35-32\Scripts\;C:\Users\Heinson\AppData\Local\Programs\Python\Python35-32\;C:\Program Files\Intel\WiFi\bin\;C:\Program Files\Common Files\Intel\WirelessCommon\;C:\Program Files\Java\jdk1.8.0_31\bin;C:\Users\Heinson\AppData\Local\Microsoft\WindowsApps;;C:\Users\Heinson\Desktop;
USERNAME=Heinson
OS=Windows_NT
PROCESSOR_IDENTIFIER=Intel64 Family 6 Model 58 Stepping 9, GenuineIntel



---------------  S Y S T E M  ---------------

OS: Windows 10.0 , 64 bit Build 14393 (10.0.14393.0)

CPU:total 4 (2 cores per cpu, 2 threads per core) family 6 model 58 stepping 9, cmov, cx8, fxsr, mmx, sse, sse2, sse3, ssse3, sse4.1, sse4.2, popcnt, avx, aes, clmul, erms, ht, tsc, tscinvbit, tscinv

Memory: 4k page, physical 4076836k(669824k free), swap 7856076k(5712k free)

vm_info: Java HotSpot(TM) 64-Bit Server VM (25.73-b02) for windows-amd64 JRE (1.8.0_73-b02), built on Jan 29 2016 17:38:49 by "java_re" with MS VC++ 10.0 (VS2010)

time: Fri Mar 03 19:12:08 2017
elapsed time: 3 seconds (0d 0h 0m 3s)

